# JRE version: Java(TM) SE Runtime Environment (8.0_131-b11) (build 1.8.0_131-b11)
# Java VM: Java HotSpot(TM) 64-Bit Server VM (25.131-b11 mixed mode bsd-amd64 compressed oops)
Heap:
 PSYoungGen      total 201728K, used 6574K [0x0000000795580000, 0x00000007a2d00000, 0x00000007c0000000)
  eden space 184832K, 0% used [0x0000000795580000,0x000000079559dc80,0x00000007a0a00000)
  from space 16896K, 38% used [0x00000007a1c80000,0x00000007a22cddb8,0x00000007a2d00000)
  to   space 17920K, 0% used [0x00000007a0a00000,0x00000007a0a00000,0x00000007a1b80000)
 ParOldGen       total 412160K, used 266097K [0x0000000740000000, 0x0000000759280000, 0x0000000795580000)
  object space 412160K, 64% used [0x0000000740000000,0x00000007503dc508,0x0000000759280000)
 Metaspace       used 128800K, capacity 146535K, committed 146712K, reserved 1175552K
  class space    used 15484K, capacity 20243K, committed 20256K, reserved 1048576K
GC Heap History (10 events):
Event: 141096.798 GC heap before
{Heap before GC invocations=317 (full 5):
 PSYoungGen      total 201728K, used 187067K [0x0000000795580000, 0x00000007a2f80000, 0x00000007c0000000)
  eden space 180224K, 100% used [0x0000000795580000,0x00000007a0580000,0x00000007a0580000)
  from space 21504K, 31% used [0x00000007a0580000,0x00000007a0c2ec08,0x00000007a1a80000)
  to   space 20992K, 0% used [0x00000007a1b00000,0x00000007a1b00000,0x00000007a2f80000)
 ParOldGen       total 412160K, used 265697K [0x0000000740000000, 0x0000000759280000, 0x0000000795580000)
  object space 412160K, 64% used [0x0000000740000000,0x0000000750378508,0x0000000759280000)
 Metaspace       used 128794K, capacity 146535K, committed 146712K, reserved 1175552K
  class space    used 15483K, capacity 20243K, committed 20256K, reserved 1048576K
Event: 141096.898 GC heap after
Heap after GC invocations=317 (full 5):
 PSYoungGen      total 201216K, used 6689K [0x0000000795580000, 0x00000007a2e80000, 0x00000007c0000000)
  eden space 181248K, 0% used [0x0000000795580000,0x0000000795580000,0x00000007a0680000)
  from space 19968K, 33% used [0x00000007a1b00000,0x00000007a2188400,0x00000007a2e80000)
  to   space 20480K, 0% used [0x00000007a0680000,0x00000007a0680000,0x00000007a1a80000)
 ParOldGen       total 412160K, used 265825K [0x0000000740000000, 0x0000000759280000, 0x0000000795580000)
  object space 412160K, 64% used [0x0000000740000000,0x0000000750398508,0x0000000759280000)
 Metaspace       used 128794K, capacity 146535K, committed 146712K, reserved 1175552K
  class space    used 15483K, capacity 20243K, committed 20256K, reserved 1048576K
}
Event: 141121.827 GC heap before
{Heap before GC invocations=318 (full 5):
 PSYoungGen      total 201216K, used 187937K [0x0000000795580000, 0x00000007a2e80000, 0x00000007c0000000)
  eden space 181248K, 100% used [0x0000000795580000,0x00000007a0680000,0x00000007a0680000)
  from space 19968K, 33% used [0x00000007a1b00000,0x00000007a2188400,0x00000007a2e80000)
  to   space 20480K, 0% used [0x00000007a0680000,0x00000007a0680000,0x00000007a1a80000)
 ParOldGen       total 412160K, used 265825K [0x0000000740000000, 0x0000000759280000, 0x0000000795580000)
  object space 412160K, 64% used [0x0000000740000000,0x0000000750398508,0x0000000759280000)
 Metaspace       used 128797K, capacity 146535K, committed 146712K, reserved 1175552K
  class space    used 15483K, capacity 20243K, committed 20256K, reserved 1048576K
Event: 141121.848 GC heap after
Heap after GC invocations=318 (full 5):
 PSYoungGen      total 201728K, used 6855K [0x0000000795580000, 0x00000007a2d80000, 0x00000007c0000000)
  eden space 181248K, 0% used [0x0000000795580000,0x0000000795580000,0x00000007a0680000)
  from space 20480K, 33% used [0x00000007a0680000,0x00000007a0d31d60,0x00000007a1a80000)
  to   space 19456K, 0% used [0x00000007a1a80000,0x00000007a1a80000,0x00000007a2d80000)
 ParOldGen       total 412160K, used 265865K [0x0000000740000000, 0x0000000759280000, 0x0000000795580000)
  object space 412160K, 64% used [0x0000000740000000,0x00000007503a2508,0x0000000759280000)
 Metaspace       used 128797K, capacity 146535K, committed 146712K, reserved 1175552K
  class space    used 15483K, capacity 20243K, committed 20256K, reserved 1048576K
}
Event: 141125.678 GC heap before
{Heap before GC invocations=319 (full 5):
 PSYoungGen      total 201728K, used 188103K [0x0000000795580000, 0x00000007a2d80000, 0x00000007c0000000)
  eden space 181248K, 100% used [0x0000000795580000,0x00000007a0680000,0x00000007a0680000)
  from space 20480K, 33% used [0x00000007a0680000,0x00000007a0d31d60,0x00000007a1a80000)
  to   space 19456K, 0% used [0x00000007a1a80000,0x00000007a1a80000,0x00000007a2d80000)
 ParOldGen       total 412160K, used 265865K [0x0000000740000000, 0x0000000759280000, 0x0000000795580000)
  object space 412160K, 64% used [0x0000000740000000,0x00000007503a2508,0x0000000759280000)
 Metaspace       used 128797K, capacity 146535K, committed 146712K, reserved 1175552K
  class space    used 15483K, capacity 20243K, committed 20256K, reserved 1048576K
Event: 141125.708 GC heap after
Heap after GC invocations=319 (full 5):
 PSYoungGen      total 202240K, used 6772K [0x0000000795580000, 0x00000007a2e80000, 0x00000007c0000000)
  eden space 182784K, 0% used [0x0000000795580000,0x0000000795580000,0x00000007a0800000)
  from space 19456K, 34% used [0x00000007a1a80000,0x00000007a211d318,0x00000007a2d80000)
  to   space 18944K, 0% used [0x00000007a0800000,0x00000007a0800000,0x00000007a1a80000)
 ParOldGen       total 412160K, used 265913K [0x0000000740000000, 0x0000000759280000, 0x0000000795580000)
  object space 412160K, 64% used [0x0000000740000000,0x00000007503ae508,0x0000000759280000)
 Metaspace       used 128797K, capacity 146535K, committed 146712K, reserved 1175552K
  class space    used 15483K, capacity 20243K, committed 20256K, reserved 1048576K
}
Event: 142943.166 GC heap before
{Heap before GC invocations=320 (full 5):
 PSYoungGen      total 202240K, used 189556K [0x0000000795580000, 0x00000007a2e80000, 0x00000007c0000000)
  eden space 182784K, 100% used [0x0000000795580000,0x00000007a0800000,0x00000007a0800000)
  from space 19456K, 34% used [0x00000007a1a80000,0x00000007a211d318,0x00000007a2d80000)
  to   space 18944K, 0% used [0x00000007a0800000,0x00000007a0800000,0x00000007a1a80000)
 ParOldGen       total 412160K, used 265913K [0x0000000740000000, 0x0000000759280000, 0x0000000795580000)
  object space 412160K, 64% used [0x0000000740000000,0x00000007503ae508,0x0000000759280000)
 Metaspace       used 128797K, capacity 146535K, committed 146712K, reserved 1175552K
  class space    used 15483K, capacity 20243K, committed 20256K, reserved 1048576K
Event: 142943.288 GC heap after
Heap after GC invocations=320 (full 5):
 PSYoungGen      total 201728K, used 6688K [0x0000000795580000, 0x00000007a2e80000, 0x00000007c0000000)
  eden space 182784K, 0% used [0x0000000795580000,0x0000000795580000,0x00000007a0800000)
  from space 18944K, 35% used [0x00000007a0800000,0x00000007a0e88258,0x00000007a1a80000)
  to   space 18432K, 0% used [0x00000007a1c80000,0x00000007a1c80000,0x00000007a2e80000)
 ParOldGen       total 412160K, used 266049K [0x0000000740000000, 0x0000000759280000, 0x0000000795580000)
  object space 412160K, 64% used [0x0000000740000000,0x00000007503d0508,0x0000000759280000)
 Metaspace       used 128797K, capacity 146535K, committed 146712K, reserved 1175552K
  class space    used 15483K, capacity 20243K, committed 20256K, reserved 1048576K
}
Event: 154280.961 GC heap before
{Heap before GC invocations=321 (full 5):
 PSYoungGen      total 201728K, used 189472K [0x0000000795580000, 0x00000007a2e80000, 0x00000007c0000000)
  eden space 182784K, 100% used [0x0000000795580000,0x00000007a0800000,0x00000007a0800000)
  from space 18944K, 35% used [0x00000007a0800000,0x00000007a0e88258,0x00000007a1a80000)
  to   space 18432K, 0% used [0x00000007a1c80000,0x00000007a1c80000,0x00000007a2e80000)
 ParOldGen       total 412160K, used 266049K [0x0000000740000000, 0x0000000759280000, 0x0000000795580000)
  object space 412160K, 64% used [0x0000000740000000,0x00000007503d0508,0x0000000759280000)
 Metaspace       used 128800K, capacity 146535K, committed 146712K, reserved 1175552K
  class space    used 15484K, capacity 20243K, committed 20256K, reserved 1048576K
Event: 154281.242 GC heap after
Heap after GC invocations=321 (full 5):
 PSYoungGen      total 201728K, used 6455K [0x0000000795580000, 0x00000007a2d00000, 0x00000007c0000000)
  eden space 184832K, 0% used [0x0000000795580000,0x0000000795580000,0x00000007a0a00000)
  from space 16896K, 38% used [0x00000007a1c80000,0x00000007a22cddb8,0x00000007a2d00000)
  to   space 17920K, 0% used [0x00000007a0a00000,0x00000007a0a00000,0x00000007a1b80000)
 ParOldGen       total 412160K, used 266097K [0x0000000740000000, 0x0000000759280000, 0x0000000795580000)
  object space 412160K, 64% used [0x0000000740000000,0x00000007503dc508,0x0000000759280000)
 Metaspace       used 128800K, capacity 146535K, committed 146712K, reserved 1175552K
  class space    used 15484K, capacity 20243K, committed 20256K, reserved 1048576K
}

