# JRE version: Java(TM) SE Runtime Environment (8.0_131-b11) (build 1.8.0_131-b11)
# Java VM: Java HotSpot(TM) 64-Bit Server VM (25.131-b11 mixed mode bsd-amd64 compressed oops)
Heap:
 PSYoungGen      total 321536K, used 33819K [0x0000000795580000, 0x00000007aa500000, 0x00000007c0000000)
  eden space 299008K, 5% used [0x0000000795580000,0x00000007966ae440,0x00000007a7980000)
  from space 22528K, 72% used [0x00000007a7980000,0x00000007a89587d0,0x00000007a8f80000)
  to   space 22016K, 0% used [0x00000007a8f80000,0x00000007a8f80000,0x00000007aa500000)
 ParOldGen       total 478208K, used 294880K [0x0000000740000000, 0x000000075d300000, 0x0000000795580000)
  object space 478208K, 61% used [0x0000000740000000,0x0000000751ff8190,0x000000075d300000)
 Metaspace       used 149129K, capacity 168429K, committed 168600K, reserved 1193984K
  class space    used 19006K, capacity 24168K, committed 24240K, reserved 1048576K
GC Heap History (10 events):
Event: 356626.995 GC heap before
{Heap before GC invocations=913 (full 6):
 PSYoungGen      total 320512K, used 312846K [0x0000000795580000, 0x00000007aa500000, 0x00000007c0000000)
  eden space 298496K, 100% used [0x0000000795580000,0x00000007a7900000,0x00000007a7900000)
  from space 22016K, 65% used [0x00000007a8f80000,0x00000007a9d83898,0x00000007aa500000)
  to   space 22528K, 0% used [0x00000007a7900000,0x00000007a7900000,0x00000007a8f00000)
 ParOldGen       total 478208K, used 292823K [0x0000000740000000, 0x000000075d300000, 0x0000000795580000)
  object space 478208K, 61% used [0x0000000740000000,0x0000000751df5f38,0x000000075d300000)
 Metaspace       used 149102K, capacity 168429K, committed 168600K, reserved 1193984K
  class space    used 19006K, capacity 24168K, committed 24240K, reserved 1048576K
Event: 356627.495 GC heap after
Heap after GC invocations=913 (full 6):
 PSYoungGen      total 321024K, used 14508K [0x0000000795580000, 0x00000007aa500000, 0x00000007c0000000)
  eden space 298496K, 0% used [0x0000000795580000,0x0000000795580000,0x00000007a7900000)
  from space 22528K, 64% used [0x00000007a7900000,0x00000007a872b1d8,0x00000007a8f00000)
  to   space 22016K, 0% used [0x00000007a8f80000,0x00000007a8f80000,0x00000007aa500000)
 ParOldGen       total 478208K, used 292887K [0x0000000740000000, 0x000000075d300000, 0x0000000795580000)
  object space 478208K, 61% used [0x0000000740000000,0x0000000751e05f38,0x000000075d300000)
 Metaspace       used 149102K, capacity 168429K, committed 168600K, reserved 1193984K
  class space    used 19006K, capacity 24168K, committed 24240K, reserved 1048576K
}
Event: 361568.025 GC heap before
{Heap before GC invocations=914 (full 6):
 PSYoungGen      total 321024K, used 313004K [0x0000000795580000, 0x00000007aa500000, 0x00000007c0000000)
  eden space 298496K, 100% used [0x0000000795580000,0x00000007a7900000,0x00000007a7900000)
  from space 22528K, 64% used [0x00000007a7900000,0x00000007a872b1d8,0x00000007a8f00000)
  to   space 22016K, 0% used [0x00000007a8f80000,0x00000007a8f80000,0x00000007aa500000)
 ParOldGen       total 478208K, used 292887K [0x0000000740000000, 0x000000075d300000, 0x0000000795580000)
  object space 478208K, 61% used [0x0000000740000000,0x0000000751e05f38,0x000000075d300000)
 Metaspace       used 149102K, capacity 168429K, committed 168600K, reserved 1193984K
  class space    used 19006K, capacity 24168K, committed 24240K, reserved 1048576K
Event: 361568.221 GC heap after
Heap after GC invocations=914 (full 6):
 PSYoungGen      total 319488K, used 13377K [0x0000000795580000, 0x00000007aa380000, 0x00000007c0000000)
  eden space 299008K, 0% used [0x0000000795580000,0x0000000795580000,0x00000007a7980000)
  from space 20480K, 65% used [0x00000007a8f80000,0x00000007a9c90528,0x00000007aa380000)
  to   space 21504K, 0% used [0x00000007a7980000,0x00000007a7980000,0x00000007a8e80000)
 ParOldGen       total 478208K, used 293876K [0x0000000740000000, 0x000000075d300000, 0x0000000795580000)
  object space 478208K, 61% used [0x0000000740000000,0x0000000751efd310,0x000000075d300000)
 Metaspace       used 149102K, capacity 168429K, committed 168600K, reserved 1193984K
  class space    used 19006K, capacity 24168K, committed 24240K, reserved 1048576K
}
Event: 362346.654 GC heap before
{Heap before GC invocations=915 (full 6):
 PSYoungGen      total 319488K, used 312385K [0x0000000795580000, 0x00000007aa380000, 0x00000007c0000000)
  eden space 299008K, 100% used [0x0000000795580000,0x00000007a7980000,0x00000007a7980000)
  from space 20480K, 65% used [0x00000007a8f80000,0x00000007a9c90528,0x00000007aa380000)
  to   space 21504K, 0% used [0x00000007a7980000,0x00000007a7980000,0x00000007a8e80000)
 ParOldGen       total 478208K, used 293876K [0x0000000740000000, 0x000000075d300000, 0x0000000795580000)
  object space 478208K, 61% used [0x0000000740000000,0x0000000751efd310,0x000000075d300000)
 Metaspace       used 149104K, capacity 168429K, committed 168600K, reserved 1193984K
  class space    used 19006K, capacity 24168K, committed 24240K, reserved 1048576K
Event: 362346.868 GC heap after
Heap after GC invocations=915 (full 6):
 PSYoungGen      total 320512K, used 16781K [0x0000000795580000, 0x00000007aa480000, 0x00000007c0000000)
  eden space 299008K, 0% used [0x0000000795580000,0x0000000795580000,0x00000007a7980000)
  from space 21504K, 78% used [0x00000007a7980000,0x00000007a89e35e8,0x00000007a8e80000)
  to   space 21504K, 0% used [0x00000007a8f80000,0x00000007a8f80000,0x00000007aa480000)
 ParOldGen       total 478208K, used 294243K [0x0000000740000000, 0x000000075d300000, 0x0000000795580000)
  object space 478208K, 61% used [0x0000000740000000,0x0000000751f58e50,0x000000075d300000)
 Metaspace       used 149104K, capacity 168429K, committed 168600K, reserved 1193984K
  class space    used 19006K, capacity 24168K, committed 24240K, reserved 1048576K
}
Event: 363650.426 GC heap before
{Heap before GC invocations=916 (full 6):
 PSYoungGen      total 320512K, used 315789K [0x0000000795580000, 0x00000007aa480000, 0x00000007c0000000)
  eden space 299008K, 100% used [0x0000000795580000,0x00000007a7980000,0x00000007a7980000)
  from space 21504K, 78% used [0x00000007a7980000,0x00000007a89e35e8,0x00000007a8e80000)
  to   space 21504K, 0% used [0x00000007a8f80000,0x00000007a8f80000,0x00000007aa480000)
 ParOldGen       total 478208K, used 294243K [0x0000000740000000, 0x000000075d300000, 0x0000000795580000)
  object space 478208K, 61% used [0x0000000740000000,0x0000000751f58e50,0x000000075d300000)
 Metaspace       used 149127K, capacity 168429K, committed 168600K, reserved 1193984K
  class space    used 19006K, capacity 24168K, committed 24240K, reserved 1048576K
Event: 363650.799 GC heap after
Heap after GC invocations=916 (full 6):
 PSYoungGen      total 320512K, used 18936K [0x0000000795580000, 0x00000007aa680000, 0x00000007c0000000)
  eden space 299008K, 0% used [0x0000000795580000,0x0000000795580000,0x00000007a7980000)
  from space 21504K, 88% used [0x00000007a8f80000,0x00000007aa1fe150,0x00000007aa480000)
  to   space 22528K, 0% used [0x00000007a7980000,0x00000007a7980000,0x00000007a8f80000)
 ParOldGen       total 478208K, used 294824K [0x0000000740000000, 0x000000075d300000, 0x0000000795580000)
  object space 478208K, 61% used [0x0000000740000000,0x0000000751fea190,0x000000075d300000)
 Metaspace       used 149127K, capacity 168429K, committed 168600K, reserved 1193984K
  class space    used 19006K, capacity 24168K, committed 24240K, reserved 1048576K
}
Event: 370498.684 GC heap before
{Heap before GC invocations=917 (full 6):
 PSYoungGen      total 320512K, used 317944K [0x0000000795580000, 0x00000007aa680000, 0x00000007c0000000)
  eden space 299008K, 100% used [0x0000000795580000,0x00000007a7980000,0x00000007a7980000)
  from space 21504K, 88% used [0x00000007a8f80000,0x00000007aa1fe150,0x00000007aa480000)
  to   space 22528K, 0% used [0x00000007a7980000,0x00000007a7980000,0x00000007a8f80000)
 ParOldGen       total 478208K, used 294824K [0x0000000740000000, 0x000000075d300000, 0x0000000795580000)
  object space 478208K, 61% used [0x0000000740000000,0x0000000751fea190,0x000000075d300000)
 Metaspace       used 149129K, capacity 168429K, committed 168600K, reserved 1193984K
  class space    used 19006K, capacity 24168K, committed 24240K, reserved 1048576K
Event: 370498.899 GC heap after
Heap after GC invocations=917 (full 6):
 PSYoungGen      total 321536K, used 16225K [0x0000000795580000, 0x00000007aa500000, 0x00000007c0000000)
  eden space 299008K, 0% used [0x0000000795580000,0x0000000795580000,0x00000007a7980000)
  from space 22528K, 72% used [0x00000007a7980000,0x00000007a89587d0,0x00000007a8f80000)
  to   space 22016K, 0% used [0x00000007a8f80000,0x00000007a8f80000,0x00000007aa500000)
 ParOldGen       total 478208K, used 294880K [0x0000000740000000, 0x000000075d300000, 0x0000000795580000)
  object space 478208K, 61% used [0x0000000740000000,0x0000000751ff8190,0x000000075d300000)
 Metaspace       used 149129K, capacity 168429K, committed 168600K, reserved 1193984K
  class space    used 19006K, capacity 24168K, committed 24240K, reserved 1048576K
}

