# JRE version: Java(TM) SE Runtime Environment (8.0_131-b11) (build 1.8.0_131-b11)
# Java VM: Java HotSpot(TM) 64-Bit Server VM (25.131-b11 mixed mode bsd-amd64 compressed oops)
Heap:
 PSYoungGen      total 214016K, used 27522K [0x0000000795580000, 0x00000007a4e00000, 0x00000007c0000000)
  eden space 178688K, 2% used [0x0000000795580000,0x0000000795a18b08,0x00000007a0400000)
  from space 35328K, 64% used [0x00000007a2b80000,0x00000007a41c7d78,0x00000007a4e00000)
  to   space 37888K, 0% used [0x00000007a0400000,0x00000007a0400000,0x00000007a2900000)
 ParOldGen       total 368640K, used 359390K [0x0000000740000000, 0x0000000756800000, 0x0000000795580000)
  object space 368640K, 97% used [0x0000000740000000,0x0000000755ef7920,0x0000000756800000)
 Metaspace       used 150743K, capacity 172171K, committed 172416K, reserved 1198080K
  class space    used 17370K, capacity 23080K, committed 23168K, reserved 1048576K
GC Heap History (10 events):
Event: 11267.128 GC heap before
{Heap before GC invocations=227 (full 5):
 PSYoungGen      total 182784K, used 182533K [0x0000000795580000, 0x00000007a3e00000, 0x00000007c0000000)
  eden space 158208K, 100% used [0x0000000795580000,0x000000079f000000,0x000000079f000000)
  from space 24576K, 98% used [0x000000079f400000,0x00000007a0bc1720,0x00000007a0c00000)
  to   space 39936K, 0% used [0x00000007a1700000,0x00000007a1700000,0x00000007a3e00000)
 ParOldGen       total 368640K, used 347064K [0x0000000740000000, 0x0000000756800000, 0x0000000795580000)
  object space 368640K, 94% used [0x0000000740000000,0x00000007552ee050,0x0000000756800000)
 Metaspace       used 150663K, capacity 172089K, committed 172416K, reserved 1198080K
  class space    used 17364K, capacity 23077K, committed 23168K, reserved 1048576K
Event: 11267.223 GC heap after
Heap after GC invocations=227 (full 5):
 PSYoungGen      total 198656K, used 23829K [0x0000000795580000, 0x00000007a4880000, 0x00000007c0000000)
  eden space 158720K, 0% used [0x0000000795580000,0x0000000795580000,0x000000079f080000)
  from space 39936K, 59% used [0x00000007a1700000,0x00000007a2e45430,0x00000007a3e00000)
  to   space 39424K, 0% used [0x000000079f080000,0x000000079f080000,0x00000007a1700000)
 ParOldGen       total 368640K, used 347128K [0x0000000740000000, 0x0000000756800000, 0x0000000795580000)
  object space 368640K, 94% used [0x0000000740000000,0x00000007552fe050,0x0000000756800000)
 Metaspace       used 150663K, capacity 172089K, committed 172416K, reserved 1198080K
  class space    used 17364K, capacity 23077K, committed 23168K, reserved 1048576K
}
Event: 14100.358 GC heap before
{Heap before GC invocations=228 (full 5):
 PSYoungGen      total 198656K, used 182549K [0x0000000795580000, 0x00000007a4880000, 0x00000007c0000000)
  eden space 158720K, 100% used [0x0000000795580000,0x000000079f080000,0x000000079f080000)
  from space 39936K, 59% used [0x00000007a1700000,0x00000007a2e45430,0x00000007a3e00000)
  to   space 39424K, 0% used [0x000000079f080000,0x000000079f080000,0x00000007a1700000)
 ParOldGen       total 368640K, used 347128K [0x0000000740000000, 0x0000000756800000, 0x0000000795580000)
  object space 368640K, 94% used [0x0000000740000000,0x00000007552fe050,0x0000000756800000)
 Metaspace       used 150678K, capacity 172153K, committed 172416K, reserved 1198080K
  class space    used 17364K, capacity 23077K, committed 23168K, reserved 1048576K
Event: 14100.647 GC heap after
Heap after GC invocations=228 (full 5):
 PSYoungGen      total 198144K, used 24259K [0x0000000795580000, 0x00000007a4600000, 0x00000007c0000000)
  eden space 158720K, 0% used [0x0000000795580000,0x0000000795580000,0x000000079f080000)
  from space 39424K, 61% used [0x000000079f080000,0x00000007a0830dc0,0x00000007a1700000)
  to   space 38912K, 0% used [0x00000007a2000000,0x00000007a2000000,0x00000007a4600000)
 ParOldGen       total 368640K, used 347232K [0x0000000740000000, 0x0000000756800000, 0x0000000795580000)
  object space 368640K, 94% used [0x0000000740000000,0x0000000755318050,0x0000000756800000)
 Metaspace       used 150678K, capacity 172153K, committed 172416K, reserved 1198080K
  class space    used 17364K, capacity 23077K, committed 23168K, reserved 1048576K
}
Event: 14101.721 GC heap before
{Heap before GC invocations=229 (full 5):
 PSYoungGen      total 198144K, used 182979K [0x0000000795580000, 0x00000007a4600000, 0x00000007c0000000)
  eden space 158720K, 100% used [0x0000000795580000,0x000000079f080000,0x000000079f080000)
  from space 39424K, 61% used [0x000000079f080000,0x00000007a0830dc0,0x00000007a1700000)
  to   space 38912K, 0% used [0x00000007a2000000,0x00000007a2000000,0x00000007a4600000)
 ParOldGen       total 368640K, used 347232K [0x0000000740000000, 0x0000000756800000, 0x0000000795580000)
  object space 368640K, 94% used [0x0000000740000000,0x0000000755318050,0x0000000756800000)
 Metaspace       used 150678K, capacity 172153K, committed 172416K, reserved 1198080K
  class space    used 17364K, capacity 23077K, committed 23168K, reserved 1048576K
Event: 14101.767 GC heap after
Heap after GC invocations=229 (full 5):
 PSYoungGen      total 208384K, used 23668K [0x0000000795580000, 0x00000007a4680000, 0x00000007c0000000)
  eden space 169472K, 0% used [0x0000000795580000,0x0000000795580000,0x000000079fb00000)
  from space 38912K, 60% used [0x00000007a2000000,0x00000007a371d3f0,0x00000007a4600000)
  to   space 37888K, 0% used [0x000000079fb00000,0x000000079fb00000,0x00000007a2000000)
 ParOldGen       total 368640K, used 347328K [0x0000000740000000, 0x0000000756800000, 0x0000000795580000)
  object space 368640K, 94% used [0x0000000740000000,0x0000000755330070,0x0000000756800000)
 Metaspace       used 150678K, capacity 172153K, committed 172416K, reserved 1198080K
  class space    used 17364K, capacity 23077K, committed 23168K, reserved 1048576K
}
Event: 14292.037 GC heap before
{Heap before GC invocations=230 (full 5):
 PSYoungGen      total 208384K, used 193140K [0x0000000795580000, 0x00000007a4680000, 0x00000007c0000000)
  eden space 169472K, 100% used [0x0000000795580000,0x000000079fb00000,0x000000079fb00000)
  from space 38912K, 60% used [0x00000007a2000000,0x00000007a371d3f0,0x00000007a4600000)
  to   space 37888K, 0% used [0x000000079fb00000,0x000000079fb00000,0x00000007a2000000)
 ParOldGen       total 368640K, used 347328K [0x0000000740000000, 0x0000000756800000, 0x0000000795580000)
  object space 368640K, 94% used [0x0000000740000000,0x0000000755330070,0x0000000756800000)
 Metaspace       used 150736K, capacity 172171K, committed 172416K, reserved 1198080K
  class space    used 17369K, capacity 23080K, committed 23168K, reserved 1048576K
Event: 14292.266 GC heap after
Heap after GC invocations=230 (full 5):
 PSYoungGen      total 207360K, used 29985K [0x0000000795580000, 0x00000007a5100000, 0x00000007c0000000)
  eden space 169472K, 0% used [0x0000000795580000,0x0000000795580000,0x000000079fb00000)
  from space 37888K, 79% used [0x000000079fb00000,0x00000007a18485d0,0x00000007a2000000)
  to   space 38400K, 0% used [0x00000007a2b80000,0x00000007a2b80000,0x00000007a5100000)
 ParOldGen       total 368640K, used 347398K [0x0000000740000000, 0x0000000756800000, 0x0000000795580000)
  object space 368640K, 94% used [0x0000000740000000,0x0000000755341ac0,0x0000000756800000)
 Metaspace       used 150736K, capacity 172171K, committed 172416K, reserved 1198080K
  class space    used 17369K, capacity 23080K, committed 23168K, reserved 1048576K
}
Event: 17957.304 GC heap before
{Heap before GC invocations=231 (full 5):
 PSYoungGen      total 207360K, used 199457K [0x0000000795580000, 0x00000007a5100000, 0x00000007c0000000)
  eden space 169472K, 100% used [0x0000000795580000,0x000000079fb00000,0x000000079fb00000)
  from space 37888K, 79% used [0x000000079fb00000,0x00000007a18485d0,0x00000007a2000000)
  to   space 38400K, 0% used [0x00000007a2b80000,0x00000007a2b80000,0x00000007a5100000)
 ParOldGen       total 368640K, used 347398K [0x0000000740000000, 0x0000000756800000, 0x0000000795580000)
  object space 368640K, 94% used [0x0000000740000000,0x0000000755341ac0,0x0000000756800000)
 Metaspace       used 150743K, capacity 172171K, committed 172416K, reserved 1198080K
  class space    used 17370K, capacity 23080K, committed 23168K, reserved 1048576K
Event: 17957.569 GC heap after
Heap after GC invocations=231 (full 5):
 PSYoungGen      total 214016K, used 22815K [0x0000000795580000, 0x00000007a4e00000, 0x00000007c0000000)
  eden space 178688K, 0% used [0x0000000795580000,0x0000000795580000,0x00000007a0400000)
  from space 35328K, 64% used [0x00000007a2b80000,0x00000007a41c7d78,0x00000007a4e00000)
  to   space 37888K, 0% used [0x00000007a0400000,0x00000007a0400000,0x00000007a2900000)
 ParOldGen       total 368640K, used 359390K [0x0000000740000000, 0x0000000756800000, 0x0000000795580000)
  object space 368640K, 97% used [0x0000000740000000,0x0000000755ef7920,0x0000000756800000)
 Metaspace       used 150743K, capacity 172171K, committed 172416K, reserved 1198080K
  class space    used 17370K, capacity 23080K, committed 23168K, reserved 1048576K
}

