# JRE version: Java(TM) SE Runtime Environment (8.0_131-b11) (build 1.8.0_131-b11)
# Java VM: Java HotSpot(TM) 64-Bit Server VM (25.131-b11 mixed mode bsd-amd64 compressed oops)
Heap:
 PSYoungGen      total 465408K, used 27072K [0x0000000795580000, 0x00000007c0000000, 0x00000007c0000000)
  eden space 430592K, 2% used [0x0000000795580000,0x0000000796089948,0x00000007afa00000)
  from space 34816K, 45% used [0x00000007bde00000,0x00000007bed669e8,0x00000007c0000000)
  to   space 134144K, 0% used [0x00000007afa00000,0x00000007afa00000,0x00000007b7d00000)
 ParOldGen       total 714752K, used 550746K [0x0000000740000000, 0x000000076ba00000, 0x0000000795580000)
  object space 714752K, 77% used [0x0000000740000000,0x00000007619d6bf0,0x000000076ba00000)
 Metaspace       used 162063K, capacity 183452K, committed 184960K, reserved 1210368K
  class space    used 18933K, capacity 24423K, committed 24704K, reserved 1048576K
GC Heap History (10 events):
Event: 31782.276 GC heap before
{Heap before GC invocations=719 (full 6):
 PSYoungGen      total 663552K, used 646533K [0x0000000795580000, 0x00000007c0000000, 0x00000007c0000000)
  eden space 629248K, 100% used [0x0000000795580000,0x00000007bbc00000,0x00000007bbc00000)
  from space 34304K, 50% used [0x00000007bdd80000,0x00000007bee61710,0x00000007bff00000)
  to   space 34304K, 0% used [0x00000007bbc00000,0x00000007bbc00000,0x00000007bdd80000)
 ParOldGen       total 365056K, used 359419K [0x0000000740000000, 0x0000000756480000, 0x0000000795580000)
  object space 365056K, 98% used [0x0000000740000000,0x0000000755efee48,0x0000000756480000)
 Metaspace       used 160633K, capacity 182510K, committed 182784K, reserved 1208320K
  class space    used 18627K, capacity 24212K, committed 24320K, reserved 1048576K
Event: 31782.301 GC heap after
Heap after GC invocations=719 (full 6):
 PSYoungGen      total 663552K, used 21839K [0x0000000795580000, 0x00000007bff00000, 0x00000007c0000000)
  eden space 629248K, 0% used [0x0000000795580000,0x0000000795580000,0x00000007bbc00000)
  from space 34304K, 63% used [0x00000007bbc00000,0x00000007bd153c48,0x00000007bdd80000)
  to   space 33792K, 0% used [0x00000007bde00000,0x00000007bde00000,0x00000007bff00000)
 ParOldGen       total 365056K, used 359499K [0x0000000740000000, 0x0000000756480000, 0x0000000795580000)
  object space 365056K, 98% used [0x0000000740000000,0x0000000755f12e48,0x0000000756480000)
 Metaspace       used 160633K, capacity 182510K, committed 182784K, reserved 1208320K
  class space    used 18627K, capacity 24212K, committed 24320K, reserved 1048576K
}
Event: 32783.699 GC heap before
{Heap before GC invocations=720 (full 6):
 PSYoungGen      total 663552K, used 613369K [0x0000000795580000, 0x00000007bff00000, 0x00000007c0000000)
  eden space 629248K, 94% used [0x0000000795580000,0x00000007b972aa68,0x00000007bbc00000)
  from space 34304K, 63% used [0x00000007bbc00000,0x00000007bd153c48,0x00000007bdd80000)
  to   space 33792K, 0% used [0x00000007bde00000,0x00000007bde00000,0x00000007bff00000)
 ParOldGen       total 365056K, used 359499K [0x0000000740000000, 0x0000000756480000, 0x0000000795580000)
  object space 365056K, 98% used [0x0000000740000000,0x0000000755f12e48,0x0000000756480000)
 Metaspace       used 162611K, capacity 184500K, committed 184704K, reserved 1210368K
  class space    used 19027K, capacity 24619K, committed 24704K, reserved 1048576K
Event: 32783.873 GC heap after
Heap after GC invocations=720 (full 6):
 PSYoungGen      total 663040K, used 28857K [0x0000000795580000, 0x00000007c0000000, 0x00000007c0000000)
  eden space 629248K, 0% used [0x0000000795580000,0x0000000795580000,0x00000007bbc00000)
  from space 33792K, 85% used [0x00000007bde00000,0x00000007bfa2e530,0x00000007bff00000)
  to   space 34816K, 0% used [0x00000007bbc00000,0x00000007bbc00000,0x00000007bde00000)
 ParOldGen       total 365056K, used 360423K [0x0000000740000000, 0x0000000756480000, 0x0000000795580000)
  object space 365056K, 98% used [0x0000000740000000,0x0000000755ff9d08,0x0000000756480000)
 Metaspace       used 162611K, capacity 184500K, committed 184704K, reserved 1210368K
  class space    used 19027K, capacity 24619K, committed 24704K, reserved 1048576K
}
Event: 32937.227 GC heap before
{Heap before GC invocations=721 (full 6):
 PSYoungGen      total 663040K, used 658105K [0x0000000795580000, 0x00000007c0000000, 0x00000007c0000000)
  eden space 629248K, 100% used [0x0000000795580000,0x00000007bbc00000,0x00000007bbc00000)
  from space 33792K, 85% used [0x00000007bde00000,0x00000007bfa2e530,0x00000007bff00000)
  to   space 34816K, 0% used [0x00000007bbc00000,0x00000007bbc00000,0x00000007bde00000)
 ParOldGen       total 365056K, used 360423K [0x0000000740000000, 0x0000000756480000, 0x0000000795580000)
  object space 365056K, 98% used [0x0000000740000000,0x0000000755ff9d08,0x0000000756480000)
 Metaspace       used 162743K, capacity 184564K, committed 184704K, reserved 1210368K
  class space    used 19040K, capacity 24619K, committed 24704K, reserved 1048576K
Event: 32937.668 GC heap after
Heap after GC invocations=721 (full 6):
 PSYoungGen      total 664064K, used 34786K [0x0000000795580000, 0x00000007c0000000, 0x00000007c0000000)
  eden space 629248K, 0% used [0x0000000795580000,0x0000000795580000,0x00000007bbc00000)
  from space 34816K, 99% used [0x00000007bbc00000,0x00000007bddf8b48,0x00000007bde00000)
  to   space 34816K, 0% used [0x00000007bde00000,0x00000007bde00000,0x00000007c0000000)
 ParOldGen       total 629760K, used 627291K [0x0000000740000000, 0x0000000766700000, 0x0000000795580000)
  object space 629760K, 99% used [0x0000000740000000,0x0000000766496cd0,0x0000000766700000)
 Metaspace       used 162743K, capacity 184564K, committed 184704K, reserved 1210368K
  class space    used 19040K, capacity 24619K, committed 24704K, reserved 1048576K
}
Event: 32937.668 GC heap before
{Heap before GC invocations=722 (full 7):
 PSYoungGen      total 664064K, used 34786K [0x0000000795580000, 0x00000007c0000000, 0x00000007c0000000)
  eden space 629248K, 0% used [0x0000000795580000,0x0000000795580000,0x00000007bbc00000)
  from space 34816K, 99% used [0x00000007bbc00000,0x00000007bddf8b48,0x00000007bde00000)
  to   space 34816K, 0% used [0x00000007bde00000,0x00000007bde00000,0x00000007c0000000)
 ParOldGen       total 629760K, used 627291K [0x0000000740000000, 0x0000000766700000, 0x0000000795580000)
  object space 629760K, 99% used [0x0000000740000000,0x0000000766496cd0,0x0000000766700000)
 Metaspace       used 162743K, capacity 184564K, committed 184704K, reserved 1210368K
  class space    used 19040K, capacity 24619K, committed 24704K, reserved 1048576K
Event: 32940.659 GC heap after
Heap after GC invocations=722 (full 7):
 PSYoungGen      total 664064K, used 0K [0x0000000795580000, 0x00000007c0000000, 0x00000007c0000000)
  eden space 629248K, 0% used [0x0000000795580000,0x0000000795580000,0x00000007bbc00000)
  from space 34816K, 0% used [0x00000007bbc00000,0x00000007bbc00000,0x00000007bde00000)
  to   space 34816K, 0% used [0x00000007bde00000,0x00000007bde00000,0x00000007c0000000)
 ParOldGen       total 714752K, used 410770K [0x0000000740000000, 0x000000076ba00000, 0x0000000795580000)
  object space 714752K, 57% used [0x0000000740000000,0x0000000759124bc0,0x000000076ba00000)
 Metaspace       used 161986K, capacity 183328K, committed 184704K, reserved 1210368K
  class space    used 18926K, capacity 24413K, committed 24704K, reserved 1048576K
}
Event: 34911.305 GC heap before
{Heap before GC invocations=723 (full 7):
 PSYoungGen      total 664064K, used 629248K [0x0000000795580000, 0x00000007c0000000, 0x00000007c0000000)
  eden space 629248K, 100% used [0x0000000795580000,0x00000007bbc00000,0x00000007bbc00000)
  from space 34816K, 0% used [0x00000007bbc00000,0x00000007bbc00000,0x00000007bde00000)
  to   space 34816K, 0% used [0x00000007bde00000,0x00000007bde00000,0x00000007c0000000)
 ParOldGen       total 714752K, used 410770K [0x0000000740000000, 0x000000076ba00000, 0x0000000795580000)
  object space 714752K, 57% used [0x0000000740000000,0x0000000759124bc0,0x000000076ba00000)
 Metaspace       used 162063K, capacity 183452K, committed 184960K, reserved 1210368K
  class space    used 18933K, capacity 24423K, committed 24704K, reserved 1048576K
Event: 34911.582 GC heap after
Heap after GC invocations=723 (full 7):
 PSYoungGen      total 465408K, used 15770K [0x0000000795580000, 0x00000007c0000000, 0x00000007c0000000)
  eden space 430592K, 0% used [0x0000000795580000,0x0000000795580000,0x00000007afa00000)
  from space 34816K, 45% used [0x00000007bde00000,0x00000007bed669e8,0x00000007c0000000)
  to   space 134144K, 0% used [0x00000007afa00000,0x00000007afa00000,0x00000007b7d00000)
 ParOldGen       total 714752K, used 550746K [0x0000000740000000, 0x000000076ba00000, 0x0000000795580000)
  object space 714752K, 77% used [0x0000000740000000,0x00000007619d6bf0,0x000000076ba00000)
 Metaspace       used 162063K, capacity 183452K, committed 184960K, reserved 1210368K
  class space    used 18933K, capacity 24423K, committed 24704K, reserved 1048576K
}

